
project: system execution failed.
Following is the set of recorded exceptions:

-------------------------------------------------------------------------------
Class / Object      Routine                Nature of exception           Effect
-------------------------------------------------------------------------------
LINKED_LIST         item @2                readable:                    
<0000000003A00BE0>                         Precondition violated.        Fail
-------------------------------------------------------------------------------
APPLICATION         is_line @3                                          
<0000000003A00418>                         Routine failure.              Fail
-------------------------------------------------------------------------------
APPLICATION         make @31                                            
<0000000003A00418>                         Routine failure.              Fail
-------------------------------------------------------------------------------
APPLICATION         root's creation                                     
<0000000003A00418>                         Routine failure.              Exit
-------------------------------------------------------------------------------

project: system execution failed.
Following is the set of recorded exceptions:

-------------------------------------------------------------------------------
Class / Object      Routine                Nature of exception           Effect
-------------------------------------------------------------------------------
LINKED_LIST         item @2                readable:                    
<0000000003C70BE0>                         Precondition violated.        Fail
-------------------------------------------------------------------------------
APPLICATION         is_line @3                                          
<0000000003C70418>                         Routine failure.              Fail
-------------------------------------------------------------------------------
APPLICATION         make @31                                            
<0000000003C70418>                         Routine failure.              Fail
-------------------------------------------------------------------------------
APPLICATION         root's creation                                     
<0000000003C70418>                         Routine failure.              Exit
-------------------------------------------------------------------------------
LINKED_LIST         item @2                readable:                    
<0000000003C70BE0>                         Precondition violated.        Exit
-------------------------------------------------------------------------------
APPLICATION         is_line @3                                          
<0000000003C70418>                         Routine failure.              Exit
-------------------------------------------------------------------------------
APPLICATION         make @31                                            
<0000000003C70418>                         Routine failure.              Exit
-------------------------------------------------------------------------------
APPLICATION         root's creation                                     
<0000000003C70418>                         Routine failure.              Exit
-------------------------------------------------------------------------------

project: system execution failed.
Following is the set of recorded exceptions:

-------------------------------------------------------------------------------
Class / Object      Routine                Nature of exception           Effect
-------------------------------------------------------------------------------
LINKED_LIST         item @2                readable:                    
<0000000003A30BE0>                         Precondition violated.        Fail
-------------------------------------------------------------------------------
APPLICATION         is_line @3                                          
<0000000003A30418>                         Routine failure.              Fail
-------------------------------------------------------------------------------
APPLICATION         make @31                                            
<0000000003A30418>                         Routine failure.              Fail
-------------------------------------------------------------------------------
APPLICATION         root's creation                                     
<0000000003A30418>                         Routine failure.              Exit
-------------------------------------------------------------------------------

project: system execution failed.
Following is the set of recorded exceptions:

-------------------------------------------------------------------------------
Class / Object      Routine                Nature of exception           Effect
-------------------------------------------------------------------------------
LINKED_LIST         remove @2              writable:                    
<00000000046413B4>                         Precondition violated.        Fail
-------------------------------------------------------------------------------
APPLICATION         make @32                                            
<00000000046412C4>                         Routine failure.              Fail
-------------------------------------------------------------------------------
APPLICATION         root's creation                                     
<00000000046412C4>                         Routine failure.              Exit
-------------------------------------------------------------------------------

project: system execution failed.
Following is the set of recorded exceptions:

-------------------------------------------------------------------------------
Class / Object      Routine                Nature of exception           Effect
-------------------------------------------------------------------------------
LINKED_LIST         remove @2              writable:                    
<00000000046713B4>                         Precondition violated.        Fail
-------------------------------------------------------------------------------
APPLICATION         make @32                                            
<00000000046712C4>                         Routine failure.              Fail
-------------------------------------------------------------------------------
APPLICATION         root's creation                                     
<00000000046712C4>                         Routine failure.              Exit
-------------------------------------------------------------------------------

project: system execution failed.
Following is the set of recorded exceptions:

-------------------------------------------------------------------------------
Class / Object      Routine                Nature of exception           Effect
-------------------------------------------------------------------------------
LINKED_LIST         remove @2              writable:                    
<00000000047C13B4>                         Precondition violated.        Fail
-------------------------------------------------------------------------------
APPLICATION         make @32                                            
<00000000047C12C4>                         Routine failure.              Fail
-------------------------------------------------------------------------------
APPLICATION         root's creation                                     
<00000000047C12C4>                         Routine failure.              Exit
-------------------------------------------------------------------------------

project: system execution failed.
Following is the set of recorded exceptions:

-------------------------------------------------------------------------------
Class / Object      Routine                Nature of exception           Effect
-------------------------------------------------------------------------------
LINKED_LIST         remove @2              writable:                    
<0000000003900BE0>                         Precondition violated.        Fail
-------------------------------------------------------------------------------
APPLICATION         make @32                                            
<0000000003900418>                         Routine failure.              Fail
-------------------------------------------------------------------------------
APPLICATION         root's creation                                     
<0000000003900418>                         Routine failure.              Exit
-------------------------------------------------------------------------------

project: system execution failed.
Following is the set of recorded exceptions:

-------------------------------------------------------------------------------
Class / Object      Routine                Nature of exception           Effect
-------------------------------------------------------------------------------
LINKED_LIST         remove @2              writable:                    
<00000000045C13B4>                         Precondition violated.        Fail
-------------------------------------------------------------------------------
APPLICATION         make @32                                            
<00000000045C12C4>                         Routine failure.              Fail
-------------------------------------------------------------------------------
APPLICATION         root's creation                                     
<00000000045C12C4>                         Routine failure.              Exit
-------------------------------------------------------------------------------

project: system execution failed.
Following is the set of recorded exceptions:

-------------------------------------------------------------------------------
Class / Object      Routine                Nature of exception           Effect
-------------------------------------------------------------------------------
LINKED_LIST         remove @2              writable:                    
<0000000003910BE0>                         Precondition violated.        Fail
-------------------------------------------------------------------------------
APPLICATION         make @32                                            
<0000000003910418>                         Routine failure.              Fail
-------------------------------------------------------------------------------
APPLICATION         root's creation                                     
<0000000003910418>                         Routine failure.              Exit
-------------------------------------------------------------------------------

project: system execution failed.
Following is the set of recorded exceptions:

-------------------------------------------------------------------------------
Class / Object      Routine                Nature of exception           Effect
-------------------------------------------------------------------------------
APPLICATION         sdl_blitsurface        Unhandled exception:         
<0000000003AB0418>  (From WRAPPER)         External event.               Fail
-------------------------------------------------------------------------------
APPLICATION         sdl_blitsurface                                     
<0000000003AB0418>  (From WRAPPER)         Routine failure.              Fail
-------------------------------------------------------------------------------
APPLICATION         make @18                                            
<0000000003AB0418>                         Routine failure.              Fail
-------------------------------------------------------------------------------
APPLICATION         root's creation                                     
<0000000003AB0418>                         Routine failure.              Exit
-------------------------------------------------------------------------------

project: system execution failed.
Following is the set of recorded exceptions:

-------------------------------------------------------------------------------
Class / Object      Routine                Nature of exception           Effect
-------------------------------------------------------------------------------
APPLICATION         sdl_blitsurface        Unhandled exception:         
<00000000039C0418>  (From WRAPPER)         External event.               Fail
-------------------------------------------------------------------------------
APPLICATION         sdl_blitsurface                                     
<00000000039C0418>  (From WRAPPER)         Routine failure.              Fail
-------------------------------------------------------------------------------
APPLICATION         make @18                                            
<00000000039C0418>                         Routine failure.              Fail
-------------------------------------------------------------------------------
APPLICATION         root's creation                                     
<00000000039C0418>                         Routine failure.              Exit
-------------------------------------------------------------------------------

project: system execution failed.
Following is the set of recorded exceptions:

-------------------------------------------------------------------------------
Class / Object      Routine                Nature of exception           Effect
-------------------------------------------------------------------------------
ARRAYED_LIST        item @4                index_large_enough:          
<0000000003A21954>                         Runtime check violated.       Fail
-------------------------------------------------------------------------------
ARRAYED_LIST        item @4                                             
<0000000003A21954>                         Routine failure.              Fail
-------------------------------------------------------------------------------
APPLICATION         make @27                                            
<0000000003A20418>                         Routine failure.              Fail
-------------------------------------------------------------------------------
APPLICATION         root's creation                                     
<0000000003A20418>                         Routine failure.              Exit
-------------------------------------------------------------------------------

project: system execution failed.
Following is the set of recorded exceptions:

-------------------------------------------------------------------------------
Class / Object      Routine                Nature of exception           Effect
-------------------------------------------------------------------------------
LINKED_LIST         forth @1               not_after:                   
<0000000004541A98>                         Precondition violated.        Fail
-------------------------------------------------------------------------------
APPLICATION         is_line @21                                         
<00000000045412C4>                         Routine failure.              Fail
-------------------------------------------------------------------------------
APPLICATION         make @68                                            
<00000000045412C4>                         Routine failure.              Fail
-------------------------------------------------------------------------------
APPLICATION         root's creation                                     
<00000000045412C4>                         Routine failure.              Exit
-------------------------------------------------------------------------------

project: system execution failed.
Following is the set of recorded exceptions:

-------------------------------------------------------------------------------
Class / Object      Routine                Nature of exception           Effect
-------------------------------------------------------------------------------
ARRAYED_LIST        item @3                index_is_valid:              
<0000000003C71954>                         Precondition violated.        Fail
-------------------------------------------------------------------------------
APPLICATION         make @27                                            
<0000000003C70418>                         Routine failure.              Fail
-------------------------------------------------------------------------------
APPLICATION         root's creation                                     
<0000000003C70418>                         Routine failure.              Exit
-------------------------------------------------------------------------------
ARRAYED_LIST        item @4                index_large_enough:          
<0000000003C71954>                         Runtime check violated.       Exit
-------------------------------------------------------------------------------
ARRAYED_LIST        item @4                                             
<0000000003C71954>                         Routine failure.              Exit
-------------------------------------------------------------------------------
APPLICATION         make @27                                            
<0000000003C70418>                         Routine failure.              Exit
-------------------------------------------------------------------------------
APPLICATION         root's creation                                     
<0000000003C70418>                         Routine failure.              Exit
-------------------------------------------------------------------------------

project: system execution failed.
Following is the set of recorded exceptions:

-------------------------------------------------------------------------------
Class / Object      Routine                Nature of exception           Effect
-------------------------------------------------------------------------------
ARRAYED_LIST        item @3                index_is_valid:              
<0000000003BE1954>                         Precondition violated.        Fail
-------------------------------------------------------------------------------
APPLICATION         make @27                                            
<0000000003BE0418>                         Routine failure.              Fail
-------------------------------------------------------------------------------
APPLICATION         root's creation                                     
<0000000003BE0418>                         Routine failure.              Exit
-------------------------------------------------------------------------------

project: system execution failed.
Following is the set of recorded exceptions:

-------------------------------------------------------------------------------
Class / Object      Routine                Nature of exception           Effect
-------------------------------------------------------------------------------
ARRAYED_LIST        item @3                index_is_valid:              
<0000000003841954>                         Precondition violated.        Fail
-------------------------------------------------------------------------------
APPLICATION         make @27                                            
<0000000003840418>                         Routine failure.              Fail
-------------------------------------------------------------------------------
APPLICATION         root's creation                                     
<0000000003840418>                         Routine failure.              Exit
-------------------------------------------------------------------------------

project: system execution failed.
Following is the set of recorded exceptions:

-------------------------------------------------------------------------------
Class / Object      Routine                Nature of exception           Effect
-------------------------------------------------------------------------------
ARRAYED_LIST        item @4                index_large_enough:          
<0000000003A91930>                         Runtime check violated.       Fail
-------------------------------------------------------------------------------
ARRAYED_LIST        item @4                                             
<0000000003A91930>                         Routine failure.              Fail
-------------------------------------------------------------------------------
APPLICATION         make @27                                            
<0000000003A90418>                         Routine failure.              Fail
-------------------------------------------------------------------------------
APPLICATION         root's creation                                     
<0000000003A90418>                         Routine failure.              Exit
-------------------------------------------------------------------------------

project: system execution failed.
Following is the set of recorded exceptions:

-------------------------------------------------------------------------------
Class / Object      Routine                Nature of exception           Effect
-------------------------------------------------------------------------------
ARRAYED_LIST        item @4                index_large_enough:          
<0000000003941930>                         Runtime check violated.       Fail
-------------------------------------------------------------------------------
ARRAYED_LIST        item @4                                             
<0000000003941930>                         Routine failure.              Fail
-------------------------------------------------------------------------------
APPLICATION         make @28                                            
<0000000003940418>                         Routine failure.              Fail
-------------------------------------------------------------------------------
APPLICATION         root's creation                                     
<0000000003940418>                         Routine failure.              Exit
-------------------------------------------------------------------------------

project: system execution failed.
Following is the set of recorded exceptions:

-------------------------------------------------------------------------------
Class / Object      Routine                Nature of exception           Effect
-------------------------------------------------------------------------------
ARRAYED_LIST        item @3                index_is_valid:              
<0000000003B71930>                         Precondition violated.        Fail
-------------------------------------------------------------------------------
APPLICATION         make @27                                            
<0000000003B70418>                         Routine failure.              Fail
-------------------------------------------------------------------------------
APPLICATION         root's creation                                     
<0000000003B70418>                         Routine failure.              Exit
-------------------------------------------------------------------------------

project: system execution failed.
Following is the set of recorded exceptions:

-------------------------------------------------------------------------------
Class / Object      Routine                Nature of exception           Effect
-------------------------------------------------------------------------------
ARRAYED_LIST        item @4                index_large_enough:          
<00000000039BC888>                         Runtime check violated.       Fail
-------------------------------------------------------------------------------
ARRAYED_LIST        item @4                                             
<00000000039BC888>                         Routine failure.              Fail
-------------------------------------------------------------------------------
APPLICATION         make @28                                            
<00000000038B0418>                         Routine failure.              Fail
-------------------------------------------------------------------------------
APPLICATION         root's creation                                     
<00000000038B0418>                         Routine failure.              Exit
-------------------------------------------------------------------------------

project: system execution failed.
Following is the set of recorded exceptions:

-------------------------------------------------------------------------------
Class / Object      Routine                Nature of exception           Effect
-------------------------------------------------------------------------------
ARRAYED_LIST        item @4                index_large_enough:          
<0000000003BE1930>                         Runtime check violated.       Fail
-------------------------------------------------------------------------------
ARRAYED_LIST        item @4                                             
<0000000003BE1930>                         Routine failure.              Fail
-------------------------------------------------------------------------------
APPLICATION         make @29                                            
<0000000003BE0418>                         Routine failure.              Fail
-------------------------------------------------------------------------------
APPLICATION         root's creation                                     
<0000000003BE0418>                         Routine failure.              Exit
-------------------------------------------------------------------------------

project: system execution failed.
Following is the set of recorded exceptions:

-------------------------------------------------------------------------------
Class / Object      Routine                Nature of exception           Effect
-------------------------------------------------------------------------------
ARRAYED_LIST        item @4                index_large_enough:          
<00000000038E1930>                         Runtime check violated.       Fail
-------------------------------------------------------------------------------
ARRAYED_LIST        item @4                                             
<00000000038E1930>                         Routine failure.              Fail
-------------------------------------------------------------------------------
APPLICATION         make @29                                            
<00000000038E0418>                         Routine failure.              Fail
-------------------------------------------------------------------------------
APPLICATION         root's creation                                     
<00000000038E0418>                         Routine failure.              Exit
-------------------------------------------------------------------------------

project: system execution failed.
Following is the set of recorded exceptions:

-------------------------------------------------------------------------------
Class / Object      Routine                Nature of exception           Effect
-------------------------------------------------------------------------------
ARRAYED_LIST        item @4                index_large_enough:          
<0000000003BC1974>                         Runtime check violated.       Fail
-------------------------------------------------------------------------------
ARRAYED_LIST        item @4                                             
<0000000003BC1974>                         Routine failure.              Fail
-------------------------------------------------------------------------------
APPLICATION         make @29                                            
<00000000046412C4>                         Routine failure.              Fail
-------------------------------------------------------------------------------
APPLICATION         root's creation                                     
<00000000046412C4>                         Routine failure.              Exit
-------------------------------------------------------------------------------

project: system execution failed.
Following is the set of recorded exceptions:

-------------------------------------------------------------------------------
Class / Object      Routine                Nature of exception           Effect
-------------------------------------------------------------------------------
ARRAYED_LIST        item @4                index_large_enough:          
<000000000461130C>                         Runtime check violated.       Fail
-------------------------------------------------------------------------------
ARRAYED_LIST        item @4                                             
<000000000461130C>                         Routine failure.              Fail
-------------------------------------------------------------------------------
APPLICATION         make @29                                            
<00000000046112C4>                         Routine failure.              Fail
-------------------------------------------------------------------------------
APPLICATION         root's creation                                     
<00000000046112C4>                         Routine failure.              Exit
-------------------------------------------------------------------------------

project: system execution failed.
Following is the set of recorded exceptions:

-------------------------------------------------------------------------------
Class / Object      Routine                Nature of exception           Effect
-------------------------------------------------------------------------------
ARRAYED_LIST        item @3                index_is_valid:              
<0000000003C00484>                         Precondition violated.        Fail
-------------------------------------------------------------------------------
APPLICATION         make @29                                            
<00000000048312C4>                         Routine failure.              Fail
-------------------------------------------------------------------------------
APPLICATION         root's creation                                     
<00000000048312C4>                         Routine failure.              Exit
-------------------------------------------------------------------------------

project: system execution failed.
Following is the set of recorded exceptions:

-------------------------------------------------------------------------------
Class / Object      Routine                Nature of exception           Effect
-------------------------------------------------------------------------------
ARRAYED_LIST        item @3                index_is_valid:              
<0000000003BEA1AC>                         Precondition violated.        Fail
-------------------------------------------------------------------------------
APPLICATION         make @28                                            
<00000000046212C4>                         Routine failure.              Fail
-------------------------------------------------------------------------------
APPLICATION         root's creation                                     
<00000000046212C4>                         Routine failure.              Exit
-------------------------------------------------------------------------------

project: system execution failed.
Following is the set of recorded exceptions:

-------------------------------------------------------------------------------
Class / Object      Routine                Nature of exception           Effect
-------------------------------------------------------------------------------
ARRAYED_LIST        item @4                index_large_enough:          
<0000000003BC1930>                         Runtime check violated.       Fail
-------------------------------------------------------------------------------
ARRAYED_LIST        item @4                                             
<0000000003BC1930>                         Routine failure.              Fail
-------------------------------------------------------------------------------
APPLICATION         make @28                                            
<0000000003BC0418>                         Routine failure.              Fail
-------------------------------------------------------------------------------
APPLICATION         root's creation                                     
<0000000003BC0418>                         Routine failure.              Exit
-------------------------------------------------------------------------------
<<<<<<< HEAD

project: system execution failed.
Following is the set of recorded exceptions:

-------------------------------------------------------------------------------
Class / Object      Routine                Nature of exception           Effect
-------------------------------------------------------------------------------
END_GAME            make @7                                             
<0000000003A217E0>  (From IMAGE)           Postcondition violated.       Fail
-------------------------------------------------------------------------------
END_GAME            make @7                                             
<0000000003A217E0>  (From IMAGE)           Routine failure.              Fail
-------------------------------------------------------------------------------
END_GAME            make @1                                             
<0000000003A217E0>                         Routine failure.              Fail
-------------------------------------------------------------------------------
APPLICATION         make @4                                             
<0000000003A20418>                         Routine failure.              Fail
-------------------------------------------------------------------------------
APPLICATION         root's creation                                     
<0000000003A20418>                         Routine failure.              Exit
-------------------------------------------------------------------------------

project: system execution failed.
Following is the set of recorded exceptions:

-------------------------------------------------------------------------------
Class / Object      Routine                Nature of exception           Effect
-------------------------------------------------------------------------------
END_GAME            make @7                                             
<000000000396C114>  (From IMAGE)           Postcondition violated.       Fail
-------------------------------------------------------------------------------
END_GAME            make @7                                             
<000000000396C114>  (From IMAGE)           Routine failure.              Fail
-------------------------------------------------------------------------------
END_GAME            make @1                                             
<000000000396C114>                         Routine failure.              Fail
-------------------------------------------------------------------------------
APPLICATION         make @30                                            
<00000000046212C4>                         Routine failure.              Fail
-------------------------------------------------------------------------------
APPLICATION         root's creation                                     
<00000000046212C4>                         Routine failure.              Exit
-------------------------------------------------------------------------------

project: system execution failed.
Following is the set of recorded exceptions:

-------------------------------------------------------------------------------
Class / Object      Routine                Nature of exception           Effect
-------------------------------------------------------------------------------
END_GAME            make @7                                             
<000000000420721C>  (From IMAGE)           Postcondition violated.       Fail
-------------------------------------------------------------------------------
END_GAME            make @7                                             
<000000000420721C>  (From IMAGE)           Routine failure.              Fail
-------------------------------------------------------------------------------
END_GAME            make @1                                             
<000000000420721C>                         Routine failure.              Fail
-------------------------------------------------------------------------------
APPLICATION         make @35                                            
<00000000049012C4>                         Routine failure.              Fail
-------------------------------------------------------------------------------
APPLICATION         root's creation                                     
<00000000049012C4>                         Routine failure.              Exit
-------------------------------------------------------------------------------
=======
>>>>>>> 8bb99ed373ed4d9c10088e14c0e34a96b3a3aff2
